./scripts/e2e_test.sh
Cloning project repository...
Downloading seed corpus...
Creating S3 bucket and uploading corpus...
make_bucket: test-go-continuous-fuzz-bucket
  adding: go-fuzzing-example_corpus/ (stored 0%)
  adding: go-fuzzing-example_corpus/tree/ (stored 0%)
  adding: go-fuzzing-example_corpus/tree/testdata/ (stored 0%)
  adding: go-fuzzing-example_corpus/tree/testdata/fuzz/ (stored 0%)
  adding: go-fuzzing-example_corpus/tree/testdata/fuzz/FuzzBuildTree/ (stored 0%)
  adding: go-fuzzing-example_corpus/tree/testdata/fuzz/FuzzBuildTree/319194200cbebc1b (stored 0%)
  adding: go-fuzzing-example_corpus/tree/testdata/fuzz/FuzzBuildTree/cb392020cdffed46 (stored 0%)
  adding: go-fuzzing-example_corpus/stringutils/ (stored 0%)
  adding: go-fuzzing-example_corpus/stringutils/testdata/ (stored 0%)
  adding: go-fuzzing-example_corpus/stringutils/testdata/fuzz/ (stored 0%)
  adding: go-fuzzing-example_corpus/stringutils/testdata/fuzz/FuzzReverseString/ (stored 0%)
  adding: go-fuzzing-example_corpus/stringutils/testdata/fuzz/FuzzReverseString/89bd47051a780303 (stored 0%)
  adding: go-fuzzing-example_corpus/stringutils/testdata/fuzz/FuzzReverseString/9fb9a9f49adfe690 (stored 0%)
  adding: go-fuzzing-example_corpus/stringutils/testdata/fuzz/FuzzReverseString/1a3011995ba3e02f (deflated 22%)
  adding: go-fuzzing-example_corpus/stringutils/testdata/fuzz/FuzzReverseString/1a1114a2d4afb45a (deflated 89%)
  adding: go-fuzzing-example_corpus/stringutils/testdata/fuzz/FuzzReverseString/3d825909dc6e0868 (deflated 21%)
  adding: go-fuzzing-example_corpus/stringutils/testdata/fuzz/FuzzReverseString/8dc679242b9d83c8 (stored 0%)
  adding: go-fuzzing-example_corpus/stringutils/testdata/fuzz/FuzzReverseString/35af7cb0670cba73 (deflated 3%)
  adding: go-fuzzing-example_corpus/stringutils/testdata/fuzz/FuzzReverseString/050dfcc29ab156c6 (deflated 20%)
  adding: go-fuzzing-example_corpus/stringutils/testdata/fuzz/FuzzReverseString/9a007729c485fbee (stored 0%)
  adding: go-fuzzing-example_corpus/stringutils/testdata/fuzz/FuzzReverseString/2c4b75cd595193c7 (deflated 20%)
  adding: go-fuzzing-example_corpus/stringutils/testdata/fuzz/FuzzReverseString/81476e3145e0ed8c (stored 0%)
  adding: go-fuzzing-example_corpus/stringutils/testdata/fuzz/FuzzReverseString/8d7c5eeb9766e75a (deflated 62%)
  adding: go-fuzzing-example_corpus/stringutils/testdata/fuzz/FuzzReverseString/57b0f8fffbacccac (stored 0%)
  adding: go-fuzzing-example_corpus/stringutils/testdata/fuzz/FuzzReverseString/8756f46da9027d97 (deflated 14%)
  adding: go-fuzzing-example_corpus/stringutils/testdata/fuzz/FuzzReverseString/7caf6ee6f47005e9 (deflated 4%)
  adding: go-fuzzing-example_corpus/stringutils/testdata/fuzz/FuzzReverseString/771e938e4458e983 (stored 0%)
  adding: go-fuzzing-example_corpus/stringutils/testdata/fuzz/FuzzReverseString/9424b720ba1e0f09 (stored 0%)
  adding: go-fuzzing-example_corpus/stringutils/testdata/fuzz/FuzzReverseString/811ccc2bccfdc11f (stored 0%)
  adding: go-fuzzing-example_corpus/stringutils/testdata/fuzz/FuzzReverseString/249d6b43881cf958 (deflated 22%)
  adding: go-fuzzing-example_corpus/stringutils/testdata/fuzz/FuzzReverseString/96150b65d82d0a39 (stored 0%)
  adding: go-fuzzing-example_corpus/stringutils/testdata/fuzz/FuzzReverseString/8b06da4e22cc7e28 (stored 0%)
  adding: go-fuzzing-example_corpus/stringutils/testdata/fuzz/FuzzUnSafeReverseString/ (stored 0%)
  adding: go-fuzzing-example_corpus/stringutils/testdata/fuzz/FuzzUnSafeReverseString/d6d2f572ab3570ff (deflated 12%)
  adding: go-fuzzing-example_corpus/stringutils/testdata/fuzz/FuzzUnSafeReverseString/1399d286bb72e5e0 (deflated 3%)
  adding: go-fuzzing-example_corpus/stringutils/testdata/fuzz/FuzzUnSafeReverseString/6084c7d87dd0b2d9 (deflated 20%)
  adding: go-fuzzing-example_corpus/stringutils/testdata/fuzz/FuzzUnSafeReverseString/81476e3145e0ed8c (stored 0%)
  adding: go-fuzzing-example_corpus/stringutils/testdata/fuzz/FuzzUnSafeReverseString/abff33899e7cd4f9 (stored 0%)
  adding: go-fuzzing-example_corpus/parser/ (stored 0%)
  adding: go-fuzzing-example_corpus/parser/testdata/ (stored 0%)
  adding: go-fuzzing-example_corpus/parser/testdata/fuzz/ (stored 0%)
  adding: go-fuzzing-example_corpus/parser/testdata/fuzz/FuzzParseComplex/ (stored 0%)
  adding: go-fuzzing-example_corpus/parser/testdata/fuzz/FuzzParseComplex/d29f270a982e6001 (deflated 6%)
  adding: go-fuzzing-example_corpus/parser/testdata/fuzz/FuzzParseComplex/771e938e4458e983 (stored 0%)
  adding: go-fuzzing-example_corpus/parser/testdata/fuzz/FuzzParseComplex/3015bd679f20f4ea (deflated 3%)
  adding: go-fuzzing-example_corpus/parser/testdata/fuzz/FuzzEvalExpr/ (stored 0%)
  adding: go-fuzzing-example_corpus/parser/testdata/fuzz/FuzzEvalExpr/3e6149ea903b947d (deflated 63%)
  adding: go-fuzzing-example_corpus/parser/testdata/fuzz/FuzzEvalExpr/5b613ac496775ce3 (deflated 28%)
  adding: go-fuzzing-example_corpus/parser/testdata/fuzz/FuzzEvalExpr/0d4c4af39e40fc72 (deflated 8%)
  adding: go-fuzzing-example_corpus/parser/testdata/fuzz/FuzzEvalExpr/5d679444acc3c186 (deflated 25%)
  adding: go-fuzzing-example_corpus/parser/testdata/fuzz/FuzzEvalExpr/5deee2c1a823a496 (stored 0%)
  adding: go-fuzzing-example_corpus/parser/testdata/fuzz/FuzzEvalExpr/4d09dcae7aa22110 (deflated 45%)
  adding: go-fuzzing-example_corpus/parser/testdata/fuzz/FuzzEvalExpr/0a674afbf47b993b (deflated 8%)
  adding: go-fuzzing-example_corpus/parser/testdata/fuzz/FuzzEvalExpr/4e8600c83426e9f2 (deflated 88%)
  adding: go-fuzzing-example_corpus/parser/testdata/fuzz/FuzzEvalExpr/1b7c7700a087420b (stored 0%)
  adding: go-fuzzing-example_corpus/parser/testdata/fuzz/FuzzEvalExpr/4cc81d065752c610 (stored 0%)
  adding: go-fuzzing-example_corpus/parser/testdata/fuzz/FuzzEvalExpr/004f8a3f8295e930 (deflated 8%)
  adding: go-fuzzing-example_corpus/parser/testdata/fuzz/FuzzEvalExpr/3a11032aceb2bbf2 (deflated 23%)
  adding: go-fuzzing-example_corpus/parser/testdata/fuzz/FuzzEvalExpr/4b8162d85fe25bb9 (deflated 36%)
  adding: go-fuzzing-example_corpus/parser/testdata/fuzz/FuzzEvalExpr/3f63184097e87e52 (deflated 23%)
  adding: go-fuzzing-example_corpus/parser/testdata/fuzz/FuzzEvalExpr/4c832786f105ad0d (deflated 34%)
  adding: go-fuzzing-example_corpus/parser/testdata/fuzz/FuzzEvalExpr/2b5e81cfa1590267 (deflated 10%)
  adding: go-fuzzing-example_corpus/parser/testdata/fuzz/FuzzEvalExpr/0fb0a0769858f53d (deflated 78%)
  adding: go-fuzzing-example_corpus/parser/testdata/fuzz/FuzzEvalExpr/000b4eabae488e10 (stored 0%)
  adding: go-fuzzing-example_corpus/parser/testdata/fuzz/FuzzEvalExpr/2dbcdbf3d821803f (deflated 2%)
  adding: go-fuzzing-example_corpus/parser/testdata/fuzz/FuzzEvalExpr/3f17c9085d96534d (deflated 59%)
  adding: go-fuzzing-example_corpus/parser/testdata/fuzz/FuzzEvalExpr/3c77356275640c3e (stored 0%)
Completed 20.2 KiB/20.2 KiB (105.2 KiB/s) with 1 file(s) remainingupload: ./go-fuzzing-example_corpus.zip to s3://test-go-continuous-fuzz-bucket/go-fuzzing-example_corpus.zip
Recording initial corpus state...
  - parser/FuzzEvalExpr
  - stringutils/FuzzReverseString
Starting fuzzing process (timeout: 270s)...
time=2025-07-11T22:39:43.808+05:30 level=INFO msg="Cloning project repository" url=https://github.com/go-continuous-fuzz/go-fuzzing-example.git path=/var/folders/8l/xgcmffld3k17bsnpjbqvmm_w0000gn/T/go-continuous-fuzz-1319733080/project
time=2025-07-11T22:39:44.762+05:30 level=INFO msg="Downloaded object" bytes=20727 s3Bucket=test-go-continuous-fuzz-bucket key=go-fuzzing-example_corpus.zip destPath=/var/folders/8l/xgcmffld3k17bsnpjbqvmm_w0000gn/T/go-continuous-fuzz-1319733080/go-fuzzing-example_corpus.zip
time=2025-07-11T22:39:44.773+05:30 level=INFO msg="Successfully downloaded and unzipped corpus" s3Bucket=test-go-continuous-fuzz-bucket key=go-fuzzing-example_corpus.zip
time=2025-07-11T22:39:44.773+05:30 level=INFO msg="Starting fuzzing scheduler" startTime="Fri, 11 Jul 2025 22:39:44 IST"
time=2025-07-11T22:39:44.773+05:30 level=INFO msg="Discovering fuzz targets" package=parser
time=2025-07-11T22:39:46.742+05:30 level=INFO msg="Discovering fuzz targets" package=stringutils
time=2025-07-11T22:39:48.676+05:30 level=INFO msg="Discovering fuzz targets" package=tree
time=2025-07-11T22:39:49.951+05:30 level=INFO msg="Per-target fuzz timeout calculated" duration=1m30s
time=2025-07-11T22:39:54.519+05:30 level=INFO msg="Image Pull output" message="{\"status\":\"Pulling from library/golang\",\"id\":\"1.23.9\"}"
time=2025-07-11T22:39:54.581+05:30 level=INFO msg="Image Pull output" message="{\"status\":\"Digest: sha256:1cc01afde44821895ea712b5b4b802ef3c3ddeb7a7bb3f2e69c19bbc5877dace\"}"
time=2025-07-11T22:39:54.581+05:30 level=INFO msg="Image Pull output" message="{\"status\":\"Status: Image is up to date for golang:1.23.9\"}"
time=2025-07-11T22:39:54.587+05:30 level=INFO msg="Worker starting fuzz target" workerID=3 package=parser target=FuzzEvalExpr timeout=1m30s
time=2025-07-11T22:39:54.587+05:30 level=INFO msg="Executing fuzz target in Docker" package=parser target=FuzzEvalExpr duration=1m30s
time=2025-07-11T22:39:54.587+05:30 level=INFO msg="Worker starting fuzz target" workerID=1 package=parser target=FuzzParseComplex timeout=1m30s
time=2025-07-11T22:39:54.587+05:30 level=INFO msg="Executing fuzz target in Docker" package=parser target=FuzzParseComplex duration=1m30s
time=2025-07-11T22:39:54.587+05:30 level=INFO msg="Worker starting fuzz target" workerID=2 package=stringutils target=FuzzUnSafeReverseString timeout=1m30s
time=2025-07-11T22:39:54.587+05:30 level=INFO msg="Executing fuzz target in Docker" package=stringutils target=FuzzUnSafeReverseString duration=1m30s
time=2025-07-11T22:40:32.636+05:30 level=INFO msg="Fuzzer output" target=FuzzParseComplex package=parser message="fuzz: elapsed: 0s, gathering baseline coverage: 0/3 completed"
time=2025-07-11T22:40:32.638+05:30 level=INFO msg="Fuzzer output" target=FuzzParseComplex package=parser message="fuzz: elapsed: 0s, gathering baseline coverage: 3/3 completed, now fuzzing with 1 workers"
time=2025-07-11T22:40:32.908+05:30 level=INFO msg="Fuzzer output" target=FuzzUnSafeReverseString package=stringutils message="fuzz: elapsed: 0s, gathering baseline coverage: 0/5 completed"
time=2025-07-11T22:40:32.934+05:30 level=INFO msg="Fuzzer output" target=FuzzUnSafeReverseString package=stringutils message="fuzz: elapsed: 0s, gathering baseline coverage: 5/5 completed, now fuzzing with 1 workers"
time=2025-07-11T22:40:33.015+05:30 level=INFO msg="Fuzzer output" target=FuzzUnSafeReverseString package=stringutils message="fuzz: elapsed: 0s, execs: 785 (7092/sec), new interesting: 3 (total: 8)"
time=2025-07-11T22:40:33.018+05:30 level=INFO msg="Fuzzer output" target=FuzzUnSafeReverseString package=stringutils message="--- FAIL: FuzzUnSafeReverseString (0.12s)"
time=2025-07-11T22:40:33.018+05:30 level=INFO msg="Fuzzer output" target=FuzzUnSafeReverseString package=stringutils message="    --- FAIL: FuzzUnSafeReverseString (0.00s)"
time=2025-07-11T22:40:33.019+05:30 level=INFO msg="Fuzzer output" target=FuzzUnSafeReverseString package=stringutils message="        stringutils_test.go:17: Reverse produced invalid UTF-8 string \"\\x93\\xc6\""
time=2025-07-11T22:40:33.020+05:30 level=INFO msg="Fuzzer output" target=FuzzUnSafeReverseString package=stringutils message="    "
time=2025-07-11T22:40:33.020+05:30 level=INFO msg="Fuzzer output" target=FuzzUnSafeReverseString package=stringutils message="    Failing input written to testdata/fuzz/FuzzUnSafeReverseString/dbec06092780d123"
time=2025-07-11T22:40:33.035+05:30 level=INFO msg="Fuzzer output" target=FuzzUnSafeReverseString package=stringutils message="    To re-run:"
time=2025-07-11T22:40:33.036+05:30 level=INFO msg="Fuzzer output" target=FuzzUnSafeReverseString package=stringutils message="    go test -run=FuzzUnSafeReverseString/dbec06092780d123"
time=2025-07-11T22:40:33.036+05:30 level=INFO msg="Fuzzer output" target=FuzzUnSafeReverseString package=stringutils message=FAIL
time=2025-07-11T22:40:33.036+05:30 level=INFO msg="Fuzzer output" target=FuzzUnSafeReverseString package=stringutils message="exit status 1"
time=2025-07-11T22:40:33.036+05:30 level=INFO msg="Fuzzer output" target=FuzzUnSafeReverseString package=stringutils message="FAIL\tgithub.com/go-continuous-fuzz/go-fuzzing-example/stringutils\t0.125s"
time=2025-07-11T22:40:33.438+05:30 level=INFO msg="Opened failure log for writing" target=FuzzUnSafeReverseString package=stringutils path=/var/folders/8l/xgcmffld3k17bsnpjbqvmm_w0000gn/T/test-go-continuous-fuzz-XXXXXX.nmKPz3qGXo/fuzz_results/stringutils_FuzzUnSafeReverseString_42c3eb92e45ec7fd_failure.log
time=2025-07-11T22:40:33.438+05:30 level=INFO msg="Fuzzing in Docker completed successfully" package=stringutils target=FuzzUnSafeReverseString
time=2025-07-11T22:40:34.914+05:30 level=INFO msg="Fuzzer output" target=FuzzEvalExpr package=parser message="fuzz: elapsed: 0s, gathering baseline coverage: 0/21 completed"
time=2025-07-11T22:40:34.943+05:30 level=INFO msg="Fuzzer output" target=FuzzEvalExpr package=parser message="fuzz: elapsed: 0s, gathering baseline coverage: 21/21 completed, now fuzzing with 1 workers"
time=2025-07-11T22:40:35.627+05:30 level=INFO msg="Fuzzer output" target=FuzzParseComplex package=parser message="fuzz: elapsed: 3s, execs: 49989 (16640/sec), new interesting: 3 (total: 6)"
time=2025-07-11T22:40:35.756+05:30 level=ERROR msg="Failed to stop container" error="Error response from daemon: No such container: 7c721b5a532e17d76ce1eb01324cc88f1724ac08c032e9810d44d806bc3d066d" containerID=7c721b5a532e17d76ce1eb01324cc88f1724ac08c032e9810d44d806bc3d066d
time=2025-07-11T22:40:35.756+05:30 level=INFO msg="Worker completed fuzz target" workerID=2 package=stringutils target=FuzzUnSafeReverseString
time=2025-07-11T22:40:35.756+05:30 level=INFO msg="Worker starting fuzz target" workerID=2 package=stringutils target=FuzzReverseString timeout=1m30s
time=2025-07-11T22:40:35.756+05:30 level=INFO msg="Executing fuzz target in Docker" package=stringutils target=FuzzReverseString duration=1m30s
time=2025-07-11T22:40:37.921+05:30 level=INFO msg="Fuzzer output" target=FuzzEvalExpr package=parser message="fuzz: elapsed: 3s, execs: 41142 (13704/sec), new interesting: 58 (total: 79)"
time=2025-07-11T22:40:38.624+05:30 level=INFO msg="Fuzzer output" target=FuzzParseComplex package=parser message="fuzz: elapsed: 6s, execs: 108111 (19398/sec), new interesting: 3 (total: 6)"
time=2025-07-11T22:40:40.931+05:30 level=INFO msg="Fuzzer output" target=FuzzEvalExpr package=parser message="fuzz: elapsed: 6s, execs: 95195 (18029/sec), new interesting: 77 (total: 98)"
time=2025-07-11T22:40:41.636+05:30 level=INFO msg="Fuzzer output" target=FuzzParseComplex package=parser message="fuzz: elapsed: 9s, execs: 186568 (26136/sec), new interesting: 3 (total: 6)"
time=2025-07-11T22:40:43.935+05:30 level=INFO msg="Fuzzer output" target=FuzzEvalExpr package=parser message="fuzz: elapsed: 9s, execs: 135607 (13465/sec), new interesting: 81 (total: 102)"
time=2025-07-11T22:40:44.630+05:30 level=INFO msg="Fuzzer output" target=FuzzParseComplex package=parser message="fuzz: elapsed: 12s, execs: 254169 (22548/sec), new interesting: 3 (total: 6)"
time=2025-07-11T22:40:46.925+05:30 level=INFO msg="Fuzzer output" target=FuzzEvalExpr package=parser message="fuzz: elapsed: 12s, execs: 192734 (19050/sec), new interesting: 85 (total: 106)"
time=2025-07-11T22:40:47.631+05:30 level=INFO msg="Fuzzer output" target=FuzzParseComplex package=parser message="fuzz: elapsed: 15s, execs: 318490 (21433/sec), new interesting: 3 (total: 6)"
time=2025-07-11T22:40:49.934+05:30 level=INFO msg="Fuzzer output" target=FuzzEvalExpr package=parser message="fuzz: elapsed: 15s, execs: 248870 (18711/sec), new interesting: 92 (total: 113)"
time=2025-07-11T22:40:50.631+05:30 level=INFO msg="Fuzzer output" target=FuzzParseComplex package=parser message="fuzz: elapsed: 18s, execs: 389368 (23634/sec), new interesting: 4 (total: 7)"
time=2025-07-11T22:40:52.927+05:30 level=INFO msg="Fuzzer output" target=FuzzEvalExpr package=parser message="fuzz: elapsed: 18s, execs: 317943 (23019/sec), new interesting: 104 (total: 125)"
time=2025-07-11T22:40:53.634+05:30 level=INFO msg="Fuzzer output" target=FuzzParseComplex package=parser message="fuzz: elapsed: 21s, execs: 473479 (28036/sec), new interesting: 4 (total: 7)"
time=2025-07-11T22:40:55.930+05:30 level=INFO msg="Fuzzer output" target=FuzzEvalExpr package=parser message="fuzz: elapsed: 21s, execs: 397657 (26560/sec), new interesting: 118 (total: 139)"
time=2025-07-11T22:40:56.136+05:30 level=INFO msg="Fuzzer output" target=FuzzParseComplex package=parser message="fuzz: minimizing 33-byte failing input file"
time=2025-07-11T22:40:56.147+05:30 level=INFO msg="Fuzzer output" target=FuzzParseComplex package=parser message="fuzz: elapsed: 24s, minimizing"
time=2025-07-11T22:40:56.149+05:30 level=INFO msg="Fuzzer output" target=FuzzParseComplex package=parser message="--- FAIL: FuzzParseComplex (23.52s)"
time=2025-07-11T22:40:56.149+05:30 level=INFO msg="Fuzzer output" target=FuzzParseComplex package=parser message="    --- FAIL: FuzzParseComplex (0.00s)"
time=2025-07-11T22:40:56.149+05:30 level=INFO msg="Fuzzer output" target=FuzzParseComplex package=parser message="        testing.go:1591: panic: runtime error: index out of range [6] with length 6"
time=2025-07-11T22:40:56.149+05:30 level=INFO msg="Fuzzer output" target=FuzzParseComplex package=parser message="            goroutine 550161 [running]:"
time=2025-07-11T22:40:56.149+05:30 level=INFO msg="Fuzzer output" target=FuzzParseComplex package=parser message="            runtime/debug.Stack()"
time=2025-07-11T22:40:56.149+05:30 level=INFO msg="Fuzzer output" target=FuzzParseComplex package=parser message="            \t/usr/local/go/src/runtime/debug/stack.go:26 +0xc4"
time=2025-07-11T22:40:56.150+05:30 level=INFO msg="Fuzzer output" target=FuzzParseComplex package=parser message="            testing.tRunner.func1()"
time=2025-07-11T22:40:56.150+05:30 level=INFO msg="Fuzzer output" target=FuzzParseComplex package=parser message="            \t/usr/local/go/src/testing/testing.go:1591 +0x21c"
time=2025-07-11T22:40:56.150+05:30 level=INFO msg="Fuzzer output" target=FuzzParseComplex package=parser message="            panic({0x23b380?, 0x4009f16210?})"
time=2025-07-11T22:40:56.150+05:30 level=INFO msg="Fuzzer output" target=FuzzParseComplex package=parser message="            \t/usr/local/go/src/runtime/panic.go:791 +0x124"
time=2025-07-11T22:40:56.150+05:30 level=INFO msg="Fuzzer output" target=FuzzParseComplex package=parser message="            github.com/go-continuous-fuzz/go-fuzzing-example/parser.ParseComplex(...)"
time=2025-07-11T22:40:56.150+05:30 level=INFO msg="Fuzzer output" target=FuzzParseComplex package=parser message="            \t/go-continuous-fuzz-project/parser/parser.go:16"
time=2025-07-11T22:40:56.151+05:30 level=INFO msg="Fuzzer output" target=FuzzParseComplex package=parser message="            github.com/go-continuous-fuzz/go-fuzzing-example/parser.FuzzParseComplex.func1(0x40000837d8?, {0x4009f7dab0, 0x6})"
time=2025-07-11T22:40:56.151+05:30 level=INFO msg="Fuzzer output" target=FuzzParseComplex package=parser message="            \t/go-continuous-fuzz-project/parser/parser_test.go:12 +0x358"
time=2025-07-11T22:40:56.151+05:30 level=INFO msg="Fuzzer output" target=FuzzParseComplex package=parser message="            reflect.Value.call({0x2150e0?, 0x25d500?, 0x4000083e38?}, {0x24d134, 0x4}, {0x4009fcd9b0, 0x2, 0x163ce0?})"
time=2025-07-11T22:40:56.151+05:30 level=INFO msg="Fuzzer output" target=FuzzParseComplex package=parser message="            \t/usr/local/go/src/reflect/value.go:584 +0x97c"
time=2025-07-11T22:40:56.151+05:30 level=INFO msg="Fuzzer output" target=FuzzParseComplex package=parser message="            reflect.Value.Call({0x2150e0?, 0x25d500?, 0x4006b0ae78?}, {0x4009fcd9b0?, 0x24c6e0?, 0x2b4f6c?})"
time=2025-07-11T22:40:56.151+05:30 level=INFO msg="Fuzzer output" target=FuzzParseComplex package=parser message="            \t/usr/local/go/src/reflect/value.go:368 +0x94"
time=2025-07-11T22:40:56.151+05:30 level=INFO msg="Fuzzer output" target=FuzzParseComplex package=parser message="            testing.(*F).Fuzz.func1.1(0x4009fff6c0?)"
time=2025-07-11T22:40:56.151+05:30 level=INFO msg="Fuzzer output" target=FuzzParseComplex package=parser message="            \t/usr/local/go/src/testing/fuzz.go:335 +0x258"
time=2025-07-11T22:40:56.151+05:30 level=INFO msg="Fuzzer output" target=FuzzParseComplex package=parser message="            testing.tRunner(0x4009fff6c0, 0x4009ffac60)"
time=2025-07-11T22:40:56.151+05:30 level=INFO msg="Fuzzer output" target=FuzzParseComplex package=parser message="            \t/usr/local/go/src/testing/testing.go:1690 +0xe4"
time=2025-07-11T22:40:56.151+05:30 level=INFO msg="Fuzzer output" target=FuzzParseComplex package=parser message="            created by testing.(*F).Fuzz.func1 in goroutine 6"
time=2025-07-11T22:40:56.151+05:30 level=INFO msg="Fuzzer output" target=FuzzParseComplex package=parser message="            \t/usr/local/go/src/testing/fuzz.go:322 +0x49c"
time=2025-07-11T22:40:56.151+05:30 level=INFO msg="Fuzzer output" target=FuzzParseComplex package=parser message="            "
time=2025-07-11T22:40:56.151+05:30 level=INFO msg="Fuzzer output" target=FuzzParseComplex package=parser message="    "
time=2025-07-11T22:40:56.151+05:30 level=INFO msg="Fuzzer output" target=FuzzParseComplex package=parser message="    Failing input written to testdata/fuzz/FuzzParseComplex/3013a69708b06e04"
time=2025-07-11T22:40:56.151+05:30 level=INFO msg="Fuzzer output" target=FuzzParseComplex package=parser message="    To re-run:"
time=2025-07-11T22:40:56.151+05:30 level=INFO msg="Fuzzer output" target=FuzzParseComplex package=parser message="    go test -run=FuzzParseComplex/3013a69708b06e04"
time=2025-07-11T22:40:56.151+05:30 level=INFO msg="Fuzzer output" target=FuzzParseComplex package=parser message=FAIL
time=2025-07-11T22:40:56.153+05:30 level=INFO msg="Fuzzer output" target=FuzzParseComplex package=parser message="exit status 1"
time=2025-07-11T22:40:56.153+05:30 level=INFO msg="Fuzzer output" target=FuzzParseComplex package=parser message="FAIL\tgithub.com/go-continuous-fuzz/go-fuzzing-example/parser\t23.527s"
time=2025-07-11T22:40:56.322+05:30 level=INFO msg="Opened failure log for writing" target=FuzzParseComplex package=parser path=/var/folders/8l/xgcmffld3k17bsnpjbqvmm_w0000gn/T/test-go-continuous-fuzz-XXXXXX.nmKPz3qGXo/fuzz_results/parser_FuzzParseComplex_11e27f968d8a9807_failure.log
time=2025-07-11T22:40:56.323+05:30 level=INFO msg="Fuzzing in Docker completed successfully" package=parser target=FuzzParseComplex
time=2025-07-11T22:40:57.770+05:30 level=ERROR msg="Failed to stop container" error="Error response from daemon: No such container: 28e3145b787a3e4f573328677d22e55e291592d8d802e5598b024e07afe1a214" containerID=28e3145b787a3e4f573328677d22e55e291592d8d802e5598b024e07afe1a214
time=2025-07-11T22:40:57.770+05:30 level=INFO msg="Worker completed fuzz target" workerID=1 package=parser target=FuzzParseComplex
time=2025-07-11T22:40:57.770+05:30 level=INFO msg="Worker starting fuzz target" workerID=1 package=tree target=FuzzBuildTree timeout=1m30s
time=2025-07-11T22:40:57.770+05:30 level=INFO msg="Executing fuzz target in Docker" package=tree target=FuzzBuildTree duration=1m30s
time=2025-07-11T22:40:58.959+05:30 level=INFO msg="Fuzzer output" target=FuzzEvalExpr package=parser message="fuzz: elapsed: 24s, execs: 436548 (12959/sec), new interesting: 121 (total: 142)"
time=2025-07-11T22:41:01.929+05:30 level=INFO msg="Fuzzer output" target=FuzzEvalExpr package=parser message="fuzz: elapsed: 27s, execs: 480410 (14637/sec), new interesting: 121 (total: 142)"
time=2025-07-11T22:41:04.962+05:30 level=INFO msg="Fuzzer output" target=FuzzEvalExpr package=parser message="fuzz: elapsed: 30s, execs: 512848 (10736/sec), new interesting: 122 (total: 143)"
time=2025-07-11T22:41:07.939+05:30 level=INFO msg="Fuzzer output" target=FuzzEvalExpr package=parser message="fuzz: elapsed: 33s, execs: 561365 (16288/sec), new interesting: 125 (total: 146)"
time=2025-07-11T22:41:10.282+05:30 level=INFO msg="Fuzzer output" target=FuzzReverseString package=stringutils message="fuzz: elapsed: 0s, gathering baseline coverage: 0/21 completed"
time=2025-07-11T22:41:10.304+05:30 level=INFO msg="Fuzzer output" target=FuzzReverseString package=stringutils message="fuzz: elapsed: 0s, gathering baseline coverage: 21/21 completed, now fuzzing with 1 workers"
time=2025-07-11T22:41:10.934+05:30 level=INFO msg="Fuzzer output" target=FuzzEvalExpr package=parser message="fuzz: elapsed: 36s, execs: 618110 (18915/sec), new interesting: 126 (total: 147)"
time=2025-07-11T22:41:13.282+05:30 level=INFO msg="Fuzzer output" target=FuzzReverseString package=stringutils message="fuzz: elapsed: 3s, execs: 66551 (22180/sec), new interesting: 14 (total: 35)"
time=2025-07-11T22:41:13.929+05:30 level=INFO msg="Fuzzer output" target=FuzzEvalExpr package=parser message="fuzz: elapsed: 39s, execs: 668664 (16851/sec), new interesting: 132 (total: 153)"
time=2025-07-11T22:41:16.305+05:30 level=INFO msg="Fuzzer output" target=FuzzReverseString package=stringutils message="fuzz: elapsed: 6s, execs: 121799 (18404/sec), new interesting: 15 (total: 36)"
time=2025-07-11T22:41:16.932+05:30 level=INFO msg="Fuzzer output" target=FuzzEvalExpr package=parser message="fuzz: elapsed: 42s, execs: 714311 (15216/sec), new interesting: 139 (total: 160)"
time=2025-07-11T22:41:19.289+05:30 level=INFO msg="Fuzzer output" target=FuzzReverseString package=stringutils message="fuzz: elapsed: 9s, execs: 184581 (20933/sec), new interesting: 16 (total: 37)"
time=2025-07-11T22:41:19.938+05:30 level=INFO msg="Fuzzer output" target=FuzzEvalExpr package=parser message="fuzz: elapsed: 45s, execs: 777047 (20910/sec), new interesting: 139 (total: 160)"
time=2025-07-11T22:41:22.282+05:30 level=INFO msg="Fuzzer output" target=FuzzReverseString package=stringutils message="fuzz: elapsed: 12s, execs: 260201 (25216/sec), new interesting: 17 (total: 38)"
time=2025-07-11T22:41:22.929+05:30 level=INFO msg="Fuzzer output" target=FuzzEvalExpr package=parser message="fuzz: elapsed: 48s, execs: 849473 (24137/sec), new interesting: 139 (total: 160)"
time=2025-07-11T22:41:25.305+05:30 level=INFO msg="Fuzzer output" target=FuzzReverseString package=stringutils message="fuzz: elapsed: 15s, execs: 322723 (20818/sec), new interesting: 17 (total: 38)"
time=2025-07-11T22:41:25.946+05:30 level=INFO msg="Fuzzer output" target=FuzzEvalExpr package=parser message="fuzz: elapsed: 51s, execs: 899350 (16624/sec), new interesting: 140 (total: 161)"
time=2025-07-11T22:41:28.327+05:30 level=INFO msg="Fuzzer output" target=FuzzReverseString package=stringutils message="fuzz: elapsed: 18s, execs: 379052 (18791/sec), new interesting: 17 (total: 38)"
time=2025-07-11T22:41:28.932+05:30 level=INFO msg="Fuzzer output" target=FuzzEvalExpr package=parser message="fuzz: elapsed: 54s, execs: 951878 (17511/sec), new interesting: 140 (total: 161)"
time=2025-07-11T22:41:31.288+05:30 level=INFO msg="Fuzzer output" target=FuzzReverseString package=stringutils message="fuzz: elapsed: 21s, execs: 433839 (18266/sec), new interesting: 17 (total: 38)"
time=2025-07-11T22:41:31.929+05:30 level=INFO msg="Fuzzer output" target=FuzzEvalExpr package=parser message="fuzz: elapsed: 57s, execs: 1000514 (16216/sec), new interesting: 142 (total: 163)"
time=2025-07-11T22:41:32.972+05:30 level=INFO msg="Fuzzer output" target=FuzzBuildTree package=tree message="fuzz: elapsed: 0s, gathering baseline coverage: 0/2 completed"
time=2025-07-11T22:41:32.974+05:30 level=INFO msg="Fuzzer output" target=FuzzBuildTree package=tree message="fuzz: elapsed: 0s, gathering baseline coverage: 2/2 completed, now fuzzing with 1 workers"
time=2025-07-11T22:41:34.298+05:30 level=INFO msg="Fuzzer output" target=FuzzReverseString package=stringutils message="fuzz: elapsed: 24s, execs: 490668 (18937/sec), new interesting: 17 (total: 38)"
time=2025-07-11T22:41:34.930+05:30 level=INFO msg="Fuzzer output" target=FuzzEvalExpr package=parser message="fuzz: elapsed: 1m0s, execs: 1045235 (14909/sec), new interesting: 146 (total: 167)"
time=2025-07-11T22:41:35.982+05:30 level=INFO msg="Fuzzer output" target=FuzzBuildTree package=tree message="fuzz: elapsed: 3s, execs: 2 (1/sec), new interesting: 0 (total: 2)"
time=2025-07-11T22:41:37.291+05:30 level=INFO msg="Fuzzer output" target=FuzzReverseString package=stringutils message="fuzz: elapsed: 27s, execs: 546188 (18504/sec), new interesting: 17 (total: 38)"
time=2025-07-11T22:41:37.936+05:30 level=INFO msg="Fuzzer output" target=FuzzEvalExpr package=parser message="fuzz: elapsed: 1m3s, execs: 1091385 (15383/sec), new interesting: 151 (total: 172)"
time=2025-07-11T22:41:39.045+05:30 level=INFO msg="Fuzzer output" target=FuzzBuildTree package=tree message="fuzz: elapsed: 6s, execs: 2 (0/sec), new interesting: 0 (total: 2)"
time=2025-07-11T22:41:40.287+05:30 level=INFO msg="Fuzzer output" target=FuzzReverseString package=stringutils message="fuzz: elapsed: 30s, execs: 608966 (20937/sec), new interesting: 18 (total: 39)"
time=2025-07-11T22:41:40.929+05:30 level=INFO msg="Fuzzer output" target=FuzzEvalExpr package=parser message="fuzz: elapsed: 1m6s, execs: 1151757 (20118/sec), new interesting: 151 (total: 172)"
time=2025-07-11T22:41:41.979+05:30 level=INFO msg="Fuzzer output" target=FuzzBuildTree package=tree message="fuzz: elapsed: 9s, execs: 2 (0/sec), new interesting: 0 (total: 2)"
time=2025-07-11T22:41:43.158+05:30 level=INFO msg="Fuzzer output" target=FuzzBuildTree package=tree message="fuzz: elapsed: 10s, execs: 18 (14/sec), new interesting: 0 (total: 2)"
time=2025-07-11T22:41:43.158+05:30 level=INFO msg="Fuzzer output" target=FuzzBuildTree package=tree message="--- FAIL: FuzzBuildTree (10.19s)"
time=2025-07-11T22:41:43.158+05:30 level=INFO msg="Fuzzer output" target=FuzzBuildTree package=tree message="    fuzzing process hung or terminated unexpectedly: exit status 2"
time=2025-07-11T22:41:43.159+05:30 level=INFO msg="Fuzzer output" target=FuzzBuildTree package=tree message="    Failing input written to testdata/fuzz/FuzzBuildTree/6fa12193efeb6d8e"
time=2025-07-11T22:41:43.159+05:30 level=INFO msg="Fuzzer output" target=FuzzBuildTree package=tree message="    To re-run:"
time=2025-07-11T22:41:43.159+05:30 level=INFO msg="Fuzzer output" target=FuzzBuildTree package=tree message="    go test -run=FuzzBuildTree/6fa12193efeb6d8e"
time=2025-07-11T22:41:43.159+05:30 level=INFO msg="Fuzzer output" target=FuzzBuildTree package=tree message=FAIL
time=2025-07-11T22:41:43.159+05:30 level=INFO msg="Fuzzer output" target=FuzzBuildTree package=tree message="exit status 1"
time=2025-07-11T22:41:43.159+05:30 level=INFO msg="Fuzzer output" target=FuzzBuildTree package=tree message="FAIL\tgithub.com/go-continuous-fuzz/go-fuzzing-example/tree\t10.195s"
time=2025-07-11T22:41:43.285+05:30 level=INFO msg="Fuzzer output" target=FuzzReverseString package=stringutils message="fuzz: elapsed: 33s, execs: 673223 (21419/sec), new interesting: 18 (total: 39)"
time=2025-07-11T22:41:43.403+05:30 level=INFO msg="Opened failure log for writing" target=FuzzBuildTree package=tree path=/var/folders/8l/xgcmffld3k17bsnpjbqvmm_w0000gn/T/test-go-continuous-fuzz-XXXXXX.nmKPz3qGXo/fuzz_results/tree_FuzzBuildTree_e3b0c44298fc1c14_failure.log
time=2025-07-11T22:41:43.404+05:30 level=INFO msg="Fuzzing in Docker completed successfully" package=tree target=FuzzBuildTree
time=2025-07-11T22:41:43.933+05:30 level=INFO msg="Fuzzer output" target=FuzzEvalExpr package=parser message="fuzz: elapsed: 1m9s, execs: 1206034 (18087/sec), new interesting: 152 (total: 173)"
time=2025-07-11T22:41:44.609+05:30 level=INFO msg="Fuzzing in Docker completed successfully" package=parser target=FuzzEvalExpr
time=2025-07-11T22:41:45.174+05:30 level=ERROR msg="Failed to stop container" error="Error response from daemon: No such container: cc9901118505d09cda5ce8aa09177c0c7e12cc7ac02f883bfd384e609a56a772" containerID=cc9901118505d09cda5ce8aa09177c0c7e12cc7ac02f883bfd384e609a56a772
time=2025-07-11T22:41:45.174+05:30 level=INFO msg="Worker completed fuzz target" workerID=1 package=tree target=FuzzBuildTree
time=2025-07-11T22:41:45.175+05:30 level=INFO msg="No more tasks in queue; stopping worker" workerID=1
time=2025-07-11T22:41:45.968+05:30 level=INFO msg="Worker completed fuzz target" workerID=3 package=parser target=FuzzEvalExpr
time=2025-07-11T22:41:45.968+05:30 level=INFO msg="No more tasks in queue; stopping worker" workerID=3
time=2025-07-11T22:41:46.308+05:30 level=INFO msg="Fuzzer output" target=FuzzReverseString package=stringutils message="fuzz: elapsed: 36s, execs: 714902 (13885/sec), new interesting: 18 (total: 39)"
time=2025-07-11T22:41:49.296+05:30 level=INFO msg="Fuzzer output" target=FuzzReverseString package=stringutils message="fuzz: elapsed: 39s, execs: 768130 (17747/sec), new interesting: 18 (total: 39)"
time=2025-07-11T22:41:52.283+05:30 level=INFO msg="Fuzzer output" target=FuzzReverseString package=stringutils message="fuzz: elapsed: 42s, execs: 840864 (24245/sec), new interesting: 18 (total: 39)"
time=2025-07-11T22:41:55.282+05:30 level=INFO msg="Fuzzer output" target=FuzzReverseString package=stringutils message="fuzz: elapsed: 45s, execs: 923832 (27665/sec), new interesting: 18 (total: 39)"
time=2025-07-11T22:41:58.284+05:30 level=INFO msg="Fuzzer output" target=FuzzReverseString package=stringutils message="fuzz: elapsed: 48s, execs: 1019380 (31849/sec), new interesting: 18 (total: 39)"
time=2025-07-11T22:42:01.285+05:30 level=INFO msg="Fuzzer output" target=FuzzReverseString package=stringutils message="fuzz: elapsed: 51s, execs: 1117568 (32724/sec), new interesting: 18 (total: 39)"
time=2025-07-11T22:42:04.285+05:30 level=INFO msg="Fuzzer output" target=FuzzReverseString package=stringutils message="fuzz: elapsed: 54s, execs: 1178432 (20285/sec), new interesting: 18 (total: 39)"
time=2025-07-11T22:42:07.284+05:30 level=INFO msg="Fuzzer output" target=FuzzReverseString package=stringutils message="fuzz: elapsed: 57s, execs: 1270255 (30618/sec), new interesting: 18 (total: 39)"
time=2025-07-11T22:42:10.322+05:30 level=INFO msg="Fuzzer output" target=FuzzReverseString package=stringutils message="fuzz: elapsed: 1m0s, execs: 1361160 (30289/sec), new interesting: 18 (total: 39)"
time=2025-07-11T22:42:13.284+05:30 level=INFO msg="Fuzzer output" target=FuzzReverseString package=stringutils message="fuzz: elapsed: 1m3s, execs: 1431932 (23589/sec), new interesting: 19 (total: 40)"
time=2025-07-11T22:42:16.290+05:30 level=INFO msg="Fuzzer output" target=FuzzReverseString package=stringutils message="fuzz: elapsed: 1m6s, execs: 1501862 (23313/sec), new interesting: 19 (total: 40)"
time=2025-07-11T22:42:19.297+05:30 level=INFO msg="Fuzzer output" target=FuzzReverseString package=stringutils message="fuzz: elapsed: 1m9s, execs: 1559618 (19238/sec), new interesting: 19 (total: 40)"
time=2025-07-11T22:42:22.319+05:30 level=INFO msg="Fuzzer output" target=FuzzReverseString package=stringutils message="fuzz: elapsed: 1m12s, execs: 1630550 (23569/sec), new interesting: 19 (total: 40)"
time=2025-07-11T22:42:25.288+05:30 level=INFO msg="Fuzzer output" target=FuzzReverseString package=stringutils message="fuzz: elapsed: 1m15s, execs: 1702976 (24237/sec), new interesting: 19 (total: 40)"
time=2025-07-11T22:42:25.772+05:30 level=INFO msg="Fuzzing in Docker completed successfully" package=stringutils target=FuzzReverseString
time=2025-07-11T22:42:27.386+05:30 level=INFO msg="Worker completed fuzz target" workerID=2 package=stringutils target=FuzzReverseString
time=2025-07-11T22:42:27.386+05:30 level=INFO msg="No more tasks in queue; stopping worker" workerID=2
time=2025-07-11T22:42:27.387+05:30 level=INFO msg="All fuzz targets processed successfully in this cycle"
time=2025-07-11T22:42:27.387+05:30 level=INFO msg="All workers completed early; cleaning up cycle"
time=2025-07-11T22:42:27.770+05:30 level=INFO msg="Uploaded object to S3" s3Bucket=test-go-continuous-fuzz-bucket key=go-fuzzing-example_corpus.zip
time=2025-07-11T22:42:27.770+05:30 level=INFO msg="Successfully zipped and uploaded corpus" s3Bucket=test-go-continuous-fuzz-bucket key=go-fuzzing-example_corpus.zip
time=2025-07-11T22:42:27.836+05:30 level=INFO msg="Cloning project repository" url=https://github.com/go-continuous-fuzz/go-fuzzing-example.git path=/var/folders/8l/xgcmffld3k17bsnpjbqvmm_w0000gn/T/go-continuous-fuzz-1319733080/project
time=2025-07-11T22:42:28.919+05:30 level=INFO msg="Downloaded object" bytes=75611 s3Bucket=test-go-continuous-fuzz-bucket key=go-fuzzing-example_corpus.zip destPath=/var/folders/8l/xgcmffld3k17bsnpjbqvmm_w0000gn/T/go-continuous-fuzz-1319733080/go-fuzzing-example_corpus.zip
time=2025-07-11T22:42:28.954+05:30 level=INFO msg="Successfully downloaded and unzipped corpus" s3Bucket=test-go-continuous-fuzz-bucket key=go-fuzzing-example_corpus.zip
time=2025-07-11T22:42:28.954+05:30 level=INFO msg="Starting fuzzing scheduler" startTime="Fri, 11 Jul 2025 22:42:28 IST"
time=2025-07-11T22:42:28.954+05:30 level=INFO msg="Discovering fuzz targets" package=parser
time=2025-07-11T22:42:29.654+05:30 level=INFO msg="Discovering fuzz targets" package=stringutils
time=2025-07-11T22:42:30.279+05:30 level=INFO msg="Discovering fuzz targets" package=tree
time=2025-07-11T22:42:30.888+05:30 level=INFO msg="Per-target fuzz timeout calculated" duration=1m30s
time=2025-07-11T22:42:33.360+05:30 level=INFO msg="Image Pull output" message="{\"status\":\"Pulling from library/golang\",\"id\":\"1.23.9\"}"
time=2025-07-11T22:42:33.441+05:30 level=INFO msg="Image Pull output" message="{\"status\":\"Digest: sha256:1cc01afde44821895ea712b5b4b802ef3c3ddeb7a7bb3f2e69c19bbc5877dace\"}"
time=2025-07-11T22:42:33.441+05:30 level=INFO msg="Image Pull output" message="{\"status\":\"Status: Image is up to date for golang:1.23.9\"}"
time=2025-07-11T22:42:33.453+05:30 level=INFO msg="Worker starting fuzz target" workerID=3 package=parser target=FuzzParseComplex timeout=1m30s
time=2025-07-11T22:42:33.453+05:30 level=INFO msg="Executing fuzz target in Docker" package=parser target=FuzzParseComplex duration=1m30s
time=2025-07-11T22:42:33.453+05:30 level=INFO msg="Worker starting fuzz target" workerID=1 package=parser target=FuzzEvalExpr timeout=1m30s
time=2025-07-11T22:42:33.454+05:30 level=INFO msg="Executing fuzz target in Docker" package=parser target=FuzzEvalExpr duration=1m30s
time=2025-07-11T22:42:33.453+05:30 level=INFO msg="Worker starting fuzz target" workerID=2 package=stringutils target=FuzzUnSafeReverseString timeout=1m30s
time=2025-07-11T22:42:33.454+05:30 level=INFO msg="Executing fuzz target in Docker" package=stringutils target=FuzzUnSafeReverseString duration=1m30s
Cleaning up resources...
delete: s3://test-go-continuous-fuzz-bucket/go-fuzzing-example_corpus.zip
remove_bucket: test-go-continuous-fuzz-bucket
